TN:
SF:src/allDone.js
FN:2,(anonymous_1)
FNF:1
FNH:1
FNDA:2,(anonymous_1)
DA:2,1
DA:3,6
DA:4,2
LF:3
LH:3
BRF:0
BRH:0
end_of_record
TN:
SF:src/createPromises.js
FNF:0
FNH:0
DA:1,1
DA:2,50
DA:3,50
DA:4,50
DA:5,15
DA:7,50
LF:6
LH:6
BRDA:4,1,0,15
BRDA:4,1,1,35
BRF:2
BRH:2
end_of_record
TN:
SF:src/inSeq.js
FNF:0
FNH:0
DA:2,1
DA:3,1
DA:4,12
DA:5,12
LF:4
LH:4
BRF:0
BRH:0
end_of_record
TN:
SF:src/raceAgainstTime.js
FN:3,(anonymous_1)
FNF:1
FNH:1
FNDA:3,(anonymous_1)
DA:3,1
DA:4,3
DA:5,9
DA:6,1
DA:11,3
DA:13,3
DA:14,3
DA:16,3
DA:17,1
DA:18,1
DA:22,3
DA:24,3
DA:25,2
DA:26,2
LF:14
LH:14
BRDA:16,1,0,1
BRDA:16,1,1,2
BRDA:24,2,0,2
BRDA:24,2,1,1
BRF:4
BRH:4
end_of_record
TN:
SF:src/raceForResolution.js
FN:2,(anonymous_1)
FNF:1
FNH:1
FNDA:2,(anonymous_1)
DA:2,1
DA:3,2
DA:4,6
DA:5,1
DA:10,2
LF:5
LH:5
BRF:0
BRH:0
end_of_record
TN:
SF:src/raceTillDeath.js
FNF:0
FNH:0
DA:3,1
DA:4,3
DA:5,3
DA:6,9
DA:8,4
DA:9,4
DA:11,4
DA:12,1
DA:19,3
LF:9
LH:9
BRDA:11,1,0,1
BRDA:11,1,1,3
BRF:2
BRH:2
end_of_record
TN:
SF:src/resolveLastPending.js
FNF:0
FNH:0
DA:2,1
DA:3,1
DA:4,1
DA:5,7
DA:6,7
DA:8,7
DA:9,1
DA:10,1
DA:12,6
DA:16,7
LF:10
LH:10
BRDA:8,1,0,1
BRDA:8,1,1,6
BRF:2
BRH:2
end_of_record
